{
  "RSpec": {
    "coverage": {
      "/media/umar/5726944d-7912-4e7d-9253-8f707ed90d4e/Learing-2024/ruby/todo-api/app/controllers/todos_controller.rb": {
        "lines": [
          1,
          1,
          null,
          1,
          4,
          null,
          4,
          4,
          4,
          null,
          null,
          1,
          1,
          null,
          null,
          1,
          3,
          3,
          1,
          null,
          2,
          null,
          null,
          null,
          1,
          2,
          1,
          null,
          1,
          null,
          null,
          null,
          1,
          1,
          1,
          null,
          null,
          1,
          null,
          1,
          7,
          null,
          null,
          1,
          5,
          null,
          null
        ]
      },
      "/media/umar/5726944d-7912-4e7d-9253-8f707ed90d4e/Learing-2024/ruby/todo-api/app/controllers/application_controller.rb": {
        "lines": [
          1,
          1,
          3,
          null,
          null,
          1,
          0,
          null,
          null
        ]
      },
      "/media/umar/5726944d-7912-4e7d-9253-8f707ed90d4e/Learing-2024/ruby/todo-api/app/models/todo.rb": {
        "lines": [
          1,
          null,
          1,
          1,
          1,
          null,
          null,
          1,
          null,
          1,
          null,
          1,
          29,
          1,
          null,
          null,
          null
        ]
      },
      "/media/umar/5726944d-7912-4e7d-9253-8f707ed90d4e/Learing-2024/ruby/todo-api/app/models/application_record.rb": {
        "lines": [
          1,
          1,
          null
        ]
      },
      "/media/umar/5726944d-7912-4e7d-9253-8f707ed90d4e/Learing-2024/ruby/todo-api/app/jobs/application_job.rb": {
        "lines": [
          0,
          null,
          null,
          null,
          null,
          null,
          0
        ],
        "branches": {}
      },
      "/media/umar/5726944d-7912-4e7d-9253-8f707ed90d4e/Learing-2024/ruby/todo-api/app/mailers/application_mailer.rb": {
        "lines": [
          0,
          0,
          0,
          0
        ],
        "branches": {}
      }
    },
    "timestamp": 1742422702
  }
}
